Oct 02 2024 00:57:51.362 [INFO ] on#51.WINTYPE_LOCAL_TIMELINE#1 menu item selected - save timeline as web page
Oct 02 2024 00:59:05.565 [INFO ] on#51.WINTYPE_LOCAL_TIMELINE#1 item single click - bubble select: 1
Oct 02 2024 00:59:07.068 [INFO ] on#51.WINTYPE_LOCAL_TIMELINE#1 item single click - bubble select: 1
Oct 02 2024 00:59:07.259 [INFO ] on#51.WINTYPE_LOCAL_TIMELINE#1 item double click - bubble (edit label): 1
Oct 02 2024 00:59:09.115 [DEBUG] timeliner.TimelineLocalPlayer  setting offset to 0
Oct 02 2024 00:59:09.115 [DEBUG] timeliner.TimelineLocalPlayer  total duration = 225943
Oct 02 2024 00:59:09.129 [INFO ] on#51.WINTYPE_LOCAL_TIMELINE#1 button clicked - cancel bubble edits
Oct 02 2024 00:59:13.110 [INFO ] on#51.WINTYPE_LOCAL_TIMELINE#1 button clicked - cancel save upon exit warning
Oct 02 2024 00:59:53.115 [INFO ] .Session#6                     Begin
Oct 02 2024 00:59:53.116 [INFO ] .Session#6                     System Properties: java 1.8.0_91, Oracle Corporation, Windows 10, x86, os version 10.0
Oct 02 2024 00:59:53.116 [INFO ] .Session#6                     Initial display resolution is x:1920.0 y:1080.0
Oct 02 2024 00:59:54.153 [INFO ] ion#6.WINTYPE_LOCAL_TIMELINE#1 window resized - x:1920 y:982
Oct 02 2024 00:59:57.268 [DEBUG] timeliner.TimelineLocalPlayer  mp3 path file:///C:/Users/byorg/Dropbox/Teaching/Form%20&%20Analysis/Sonata%20form/Beethoven_op2no1.mp3
Oct 02 2024 00:59:57.425 [DEBUG] timeliner.TimelineLocalPlayer  Trouble initiating audio. Start/stop times are incorrect values.
Oct 02 2024 00:59:57.425 [DEBUG] timeliner.TimelineLocalPlayer  setting offset to 0
Oct 02 2024 00:59:57.425 [DEBUG] timeliner.TimelineLocalPlayer  total duration = 0
Oct 02 2024 00:59:57.426 [DEBUG] timeliner.TimelineLocalPlayer  localStartOffset: 0, localEndOffset: 226377
Oct 02 2024 00:59:57.426 [DEBUG] timeliner.TimelineLocalPlayer  setting offset to 0
Oct 02 2024 00:59:57.426 [DEBUG] timeliner.TimelineLocalPlayer  total duration = 0
Oct 02 2024 00:59:57.489 [INFO ] ion#6.WINTYPE_LOCAL_TIMELINE#1 button clicked - accept open timeline
Oct 02 2024 00:59:57.489 [INFO ] ion#6.WINTYPE_LOCAL_TIMELINE#1 button clicked - open an existing timeline
Oct 02 2024 01:00:02.487 [DEBUG] timeliner.TimelineUtilities    gif name = testing.gif
Oct 02 2024 01:00:02.487 [INFO ] ion#6.WINTYPE_LOCAL_TIMELINE#1 button clicked - accept save timeline as web page
Oct 02 2024 01:00:03.797 [INFO ] ion#6.WINTYPE_LOCAL_TIMELINE#1 button clicked - confirm overwrite file
Oct 02 2024 01:00:03.959 [INFO ] ion#6.WINTYPE_LOCAL_TIMELINE#1 menu item selected - save timeline as web page
Oct 02 2024 01:00:37.035 [INFO ] ion#6.WINTYPE_LOCAL_TIMELINE#1 button clicked - cancel timeline properties changes
Oct 02 2024 01:00:37.036 [INFO ] ion#6.WINTYPE_LOCAL_TIMELINE#1 button clicked - edit timeline properties
Oct 02 2024 01:01:52.134 [INFO ] .Session#66                    Begin
Oct 02 2024 01:01:52.135 [INFO ] .Session#66                    System Properties: java 1.8.0_91, Oracle Corporation, Windows 10, x86, os version 10.0
Oct 02 2024 01:01:52.135 [INFO ] .Session#66                    Initial display resolution is x:1920.0 y:1080.0
Oct 02 2024 01:01:53.130 [INFO ] on#66.WINTYPE_LOCAL_TIMELINE#1 window resized - x:1920 y:982
Oct 02 2024 01:01:56.456 [DEBUG] timeliner.TimelineLocalPlayer  mp3 path file:///C:/Users/byorg/Dropbox/Teaching/Form%20&%20Analysis/Sonata%20form/Beethoven_op2no1.mp3
Oct 02 2024 01:01:56.615 [DEBUG] timeliner.TimelineLocalPlayer  Trouble initiating audio. Start/stop times are incorrect values.
Oct 02 2024 01:01:56.615 [DEBUG] timeliner.TimelineLocalPlayer  setting offset to 0
Oct 02 2024 01:01:56.615 [DEBUG] timeliner.TimelineLocalPlayer  total duration = 0
Oct 02 2024 01:01:56.615 [DEBUG] timeliner.TimelineLocalPlayer  localStartOffset: 0, localEndOffset: 226377
Oct 02 2024 01:01:56.615 [DEBUG] timeliner.TimelineLocalPlayer  setting offset to 0
Oct 02 2024 01:01:56.615 [DEBUG] timeliner.TimelineLocalPlayer  total duration = 0
Oct 02 2024 01:01:56.671 [INFO ] on#66.WINTYPE_LOCAL_TIMELINE#1 button clicked - accept open timeline
Oct 02 2024 01:01:56.672 [INFO ] on#66.WINTYPE_LOCAL_TIMELINE#1 button clicked - open an existing timeline
Oct 02 2024 01:02:00.605 [DEBUG] timeliner.TimelineUtilities    gif name = test.gif
Oct 02 2024 01:02:00.605 [INFO ] on#66.WINTYPE_LOCAL_TIMELINE#1 button clicked - accept save timeline as web page
Oct 02 2024 01:02:00.801 [INFO ] on#66.WINTYPE_LOCAL_TIMELINE#1 menu item selected - save timeline as web page
Oct 02 2024 01:03:00.114 [INFO ] .Session#54                    Begin
Oct 02 2024 01:03:00.114 [INFO ] .Session#54                    System Properties: java 1.8.0_91, Oracle Corporation, Windows 10, x86, os version 10.0
Oct 02 2024 01:03:00.115 [INFO ] .Session#54                    Initial display resolution is x:1920.0 y:1080.0
Oct 02 2024 01:03:01.087 [INFO ] on#54.WINTYPE_LOCAL_TIMELINE#1 window resized - x:1920 y:982
Oct 02 2024 01:03:03.814 [DEBUG] timeliner.TimelineLocalPlayer  mp3 path file:///C:/Users/byorg/Dropbox/Teaching/Form%20&%20Analysis/Sonata%20form/Beethoven_op2no1.mp3
Oct 02 2024 01:03:03.964 [DEBUG] timeliner.TimelineLocalPlayer  Trouble initiating audio. Start/stop times are incorrect values.
Oct 02 2024 01:03:03.964 [DEBUG] timeliner.TimelineLocalPlayer  setting offset to 0
Oct 02 2024 01:03:03.964 [DEBUG] timeliner.TimelineLocalPlayer  total duration = 0
Oct 02 2024 01:03:03.964 [DEBUG] timeliner.TimelineLocalPlayer  localStartOffset: 0, localEndOffset: 226377
Oct 02 2024 01:03:03.964 [DEBUG] timeliner.TimelineLocalPlayer  setting offset to 0
Oct 02 2024 01:03:03.965 [DEBUG] timeliner.TimelineLocalPlayer  total duration = 0
Oct 02 2024 01:03:04.022 [INFO ] on#54.WINTYPE_LOCAL_TIMELINE#1 button clicked - accept open timeline
Oct 02 2024 01:03:04.022 [INFO ] on#54.WINTYPE_LOCAL_TIMELINE#1 button clicked - open an existing timeline
Oct 02 2024 01:03:04.788 [INFO ] on#54.WINTYPE_LOCAL_TIMELINE#1 item single click - bubble select: 1
Oct 02 2024 01:03:10.251 [DEBUG] timeliner.TimelineUtilities    gif name = test3.gif
Oct 02 2024 01:03:10.251 [INFO ] on#54.WINTYPE_LOCAL_TIMELINE#1 button clicked - accept save timeline as web page
Oct 02 2024 01:03:10.466 [INFO ] on#54.WINTYPE_LOCAL_TIMELINE#1 menu item selected - save timeline as web page
Oct 02 2024 01:06:05.683 [INFO ] .Session#35                    Begin
Oct 02 2024 01:06:05.684 [INFO ] .Session#35                    System Properties: java 1.8.0_91, Oracle Corporation, Windows 10, x86, os version 10.0
Oct 02 2024 01:06:05.684 [INFO ] .Session#35                    Initial display resolution is x:1920.0 y:1080.0
Oct 02 2024 01:06:06.674 [INFO ] on#35.WINTYPE_LOCAL_TIMELINE#1 window resized - x:1920 y:982
Oct 02 2024 01:06:09.969 [DEBUG] timeliner.TimelineLocalPlayer  mp3 path file:///C:/Users/byorg/Dropbox/Teaching/Form%20&%20Analysis/Sonata%20form/Beethoven_op2no1.mp3
Oct 02 2024 01:06:10.132 [DEBUG] timeliner.TimelineLocalPlayer  Trouble initiating audio. Start/stop times are incorrect values.
Oct 02 2024 01:06:10.132 [DEBUG] timeliner.TimelineLocalPlayer  setting offset to 0
Oct 02 2024 01:06:10.132 [DEBUG] timeliner.TimelineLocalPlayer  total duration = 0
Oct 02 2024 01:06:10.133 [DEBUG] timeliner.TimelineLocalPlayer  localStartOffset: 0, localEndOffset: 226377
Oct 02 2024 01:06:10.133 [DEBUG] timeliner.TimelineLocalPlayer  setting offset to 0
Oct 02 2024 01:06:10.133 [DEBUG] timeliner.TimelineLocalPlayer  total duration = 0
Oct 02 2024 01:06:10.194 [INFO ] on#35.WINTYPE_LOCAL_TIMELINE#1 button clicked - accept open timeline
Oct 02 2024 01:06:10.194 [INFO ] on#35.WINTYPE_LOCAL_TIMELINE#1 button clicked - open an existing timeline
Oct 02 2024 01:06:18.832 [DEBUG] timeliner.TimelineUtilities    gif name = test2.gif
Oct 02 2024 01:06:18.832 [INFO ] on#35.WINTYPE_LOCAL_TIMELINE#1 button clicked - accept save timeline as web page
Oct 02 2024 01:06:19.011 [INFO ] on#35.WINTYPE_LOCAL_TIMELINE#1 menu item selected - save timeline as web page
Oct 02 2024 01:07:44.643 [INFO ] .Session#35                    Begin
Oct 02 2024 01:07:44.644 [INFO ] .Session#35                    System Properties: java 1.8.0_91, Oracle Corporation, Windows 10, x86, os version 10.0
Oct 02 2024 01:07:44.644 [INFO ] .Session#35                    Initial display resolution is x:1920.0 y:1080.0
Oct 02 2024 01:07:45.652 [INFO ] on#35.WINTYPE_LOCAL_TIMELINE#1 window resized - x:1920 y:982
Oct 02 2024 01:07:48.720 [DEBUG] timeliner.TimelineLocalPlayer  mp3 path file:///C:/Users/byorg/Dropbox/Teaching/Form%20&%20Analysis/Sonata%20form/Beethoven_op2no1.mp3
Oct 02 2024 01:07:48.852 [DEBUG] timeliner.TimelineLocalPlayer  Trouble initiating audio. Start/stop times are incorrect values.
Oct 02 2024 01:07:48.852 [DEBUG] timeliner.TimelineLocalPlayer  setting offset to 0
Oct 02 2024 01:07:48.852 [DEBUG] timeliner.TimelineLocalPlayer  total duration = 0
Oct 02 2024 01:07:48.853 [DEBUG] timeliner.TimelineLocalPlayer  localStartOffset: 0, localEndOffset: 226377
Oct 02 2024 01:07:48.853 [DEBUG] timeliner.TimelineLocalPlayer  setting offset to 0
Oct 02 2024 01:07:48.853 [DEBUG] timeliner.TimelineLocalPlayer  total duration = 0
Oct 02 2024 01:07:48.909 [INFO ] on#35.WINTYPE_LOCAL_TIMELINE#1 button clicked - accept open timeline
Oct 02 2024 01:07:48.909 [INFO ] on#35.WINTYPE_LOCAL_TIMELINE#1 button clicked - open an existing timeline
Oct 02 2024 01:07:54.707 [DEBUG] timeliner.TimelineUtilities    gif name = test3.gif
Oct 02 2024 01:07:54.707 [INFO ] on#35.WINTYPE_LOCAL_TIMELINE#1 button clicked - accept save timeline as web page
Oct 02 2024 01:07:55.903 [INFO ] on#35.WINTYPE_LOCAL_TIMELINE#1 button clicked - confirm overwrite file
Oct 02 2024 01:07:56.100 [INFO ] on#35.WINTYPE_LOCAL_TIMELINE#1 menu item selected - save timeline as web page
Oct 02 2024 01:09:23.994 [INFO ] .Session#41                    Begin
Oct 02 2024 01:09:23.995 [INFO ] .Session#41                    System Properties: java 1.8.0_91, Oracle Corporation, Windows 10, x86, os version 10.0
Oct 02 2024 01:09:23.995 [INFO ] .Session#41                    Initial display resolution is x:1920.0 y:1080.0
Oct 02 2024 01:09:25.031 [INFO ] on#41.WINTYPE_LOCAL_TIMELINE#1 window resized - x:1920 y:982
Oct 02 2024 01:09:35.229 [DEBUG] timeliner.TimelineLocalPlayer  mp3 path file:///C:/Users/byorg/Dropbox/Teaching/Form%20&%20Analysis/Sonata%20form/Beethoven_op2no1.mp3
Oct 02 2024 01:09:35.378 [DEBUG] timeliner.TimelineLocalPlayer  Trouble initiating audio. Start/stop times are incorrect values.
Oct 02 2024 01:09:35.378 [DEBUG] timeliner.TimelineLocalPlayer  setting offset to 0
Oct 02 2024 01:09:35.378 [DEBUG] timeliner.TimelineLocalPlayer  total duration = 0
Oct 02 2024 01:09:35.378 [DEBUG] timeliner.TimelineLocalPlayer  localStartOffset: 0, localEndOffset: 226377
Oct 02 2024 01:09:35.378 [DEBUG] timeliner.TimelineLocalPlayer  setting offset to 0
Oct 02 2024 01:09:35.378 [DEBUG] timeliner.TimelineLocalPlayer  total duration = 0
Oct 02 2024 01:09:35.437 [INFO ] on#41.WINTYPE_LOCAL_TIMELINE#1 button clicked - accept open timeline
Oct 02 2024 01:09:35.437 [INFO ] on#41.WINTYPE_LOCAL_TIMELINE#1 button clicked - open an existing timeline
Oct 02 2024 01:09:39.795 [DEBUG] timeliner.TimelineUtilities    gif name = test3.gif
Oct 02 2024 01:09:39.796 [INFO ] on#41.WINTYPE_LOCAL_TIMELINE#1 button clicked - accept save timeline as web page
Oct 02 2024 01:09:40.860 [INFO ] on#41.WINTYPE_LOCAL_TIMELINE#1 button clicked - confirm overwrite file
Oct 02 2024 01:09:41.057 [INFO ] on#41.WINTYPE_LOCAL_TIMELINE#1 menu item selected - save timeline as web page
Oct 02 2024 01:10:41.058 [INFO ] .Session#9                     Begin
Oct 02 2024 01:10:41.059 [INFO ] .Session#9                     System Properties: java 1.8.0_91, Oracle Corporation, Windows 10, x86, os version 10.0
Oct 02 2024 01:10:41.059 [INFO ] .Session#9                     Initial display resolution is x:1920.0 y:1080.0
Oct 02 2024 01:10:42.101 [INFO ] ion#9.WINTYPE_LOCAL_TIMELINE#1 window resized - x:1920 y:982
Oct 02 2024 01:10:45.807 [DEBUG] timeliner.TimelineLocalPlayer  mp3 path file:///C:/Users/byorg/Dropbox/Teaching/Form%20&%20Analysis/Sonata%20form/Beethoven_op2no1.mp3
Oct 02 2024 01:10:45.965 [DEBUG] timeliner.TimelineLocalPlayer  Trouble initiating audio. Start/stop times are incorrect values.
Oct 02 2024 01:10:45.965 [DEBUG] timeliner.TimelineLocalPlayer  setting offset to 0
Oct 02 2024 01:10:45.965 [DEBUG] timeliner.TimelineLocalPlayer  total duration = 0
Oct 02 2024 01:10:45.965 [DEBUG] timeliner.TimelineLocalPlayer  localStartOffset: 0, localEndOffset: 226377
Oct 02 2024 01:10:45.965 [DEBUG] timeliner.TimelineLocalPlayer  setting offset to 0
Oct 02 2024 01:10:45.965 [DEBUG] timeliner.TimelineLocalPlayer  total duration = 0
Oct 02 2024 01:10:46.029 [INFO ] ion#9.WINTYPE_LOCAL_TIMELINE#1 button clicked - accept open timeline
Oct 02 2024 01:10:46.029 [INFO ] ion#9.WINTYPE_LOCAL_TIMELINE#1 button clicked - open an existing timeline
Oct 02 2024 01:10:49.834 [DEBUG] timeliner.TimelineUtilities    gif name = test3.gif
Oct 02 2024 01:10:49.834 [INFO ] ion#9.WINTYPE_LOCAL_TIMELINE#1 button clicked - accept save timeline as web page
Oct 02 2024 01:10:50.865 [INFO ] ion#9.WINTYPE_LOCAL_TIMELINE#1 button clicked - confirm overwrite file
Oct 02 2024 01:10:51.100 [INFO ] ion#9.WINTYPE_LOCAL_TIMELINE#1 menu item selected - save timeline as web page
Oct 02 2024 01:11:06.586 [INFO ] ion#9.WINTYPE_LOCAL_TIMELINE#1 item single click - timepoint select: 8
Oct 02 2024 01:11:06.601 [DEBUG] timeliner.TimelineLocalPlayer  setting offset to 91598
Oct 02 2024 01:11:06.601 [DEBUG] timeliner.TimelineLocalPlayer  total duration = 225943
Oct 02 2024 01:11:06.652 [DEBUG] timeliner.TimelineLocalPlayer  setting offset to 91598
Oct 02 2024 01:11:06.652 [DEBUG] timeliner.TimelineLocalPlayer  total duration = 225943
Oct 02 2024 01:11:09.725 [INFO ] ion#9.WINTYPE_LOCAL_TIMELINE#1 button clicked - cancel bubble edits
Oct 02 2024 01:11:09.726 [INFO ] ion#9.WINTYPE_LOCAL_TIMELINE#1 item double click - timepoint (edit label): 8
Oct 02 2024 01:11:12.890 [INFO ] ion#9.WINTYPE_LOCAL_TIMELINE#1 item single click - marker select: 0
Oct 02 2024 01:11:12.893 [DEBUG] timeliner.TimelineLocalPlayer  setting offset to 110324
Oct 02 2024 01:11:12.893 [DEBUG] timeliner.TimelineLocalPlayer  total duration = 225943
Oct 02 2024 01:11:12.962 [DEBUG] timeliner.TimelineLocalPlayer  setting offset to 110324
Oct 02 2024 01:11:12.962 [DEBUG] timeliner.TimelineLocalPlayer  total duration = 225943
Oct 02 2024 01:11:21.294 [INFO ] ion#9.WINTYPE_LOCAL_TIMELINE#1 button clicked - apply marker edits
Oct 02 2024 01:11:23.159 [INFO ] ion#9.WINTYPE_LOCAL_TIMELINE#1 button clicked - accept marker edits
Oct 02 2024 01:11:23.159 [INFO ] ion#9.WINTYPE_LOCAL_TIMELINE#1 item double click - marker (edit): 0
Oct 02 2024 01:11:24.270 [DEBUG] timeliner.TimelineLocalPlayer  setting offset to 112797
Oct 02 2024 01:11:24.271 [DEBUG] timeliner.TimelineLocalPlayer  total duration = 225943
Oct 02 2024 01:11:35.513 [INFO ] ion#9.WINTYPE_LOCAL_TIMELINE#1 item single click - marker select: 1
Oct 02 2024 01:11:35.522 [DEBUG] timeliner.TimelineLocalPlayer  setting offset to 116904
Oct 02 2024 01:11:35.523 [DEBUG] timeliner.TimelineLocalPlayer  total duration = 225943
Oct 02 2024 01:11:35.617 [DEBUG] timeliner.TimelineLocalPlayer  setting offset to 116904
Oct 02 2024 01:11:35.618 [DEBUG] timeliner.TimelineLocalPlayer  total duration = 225943
Oct 02 2024 01:11:40.185 [DEBUG] timeliner.TimelineLocalPlayer  setting offset to 110324
Oct 02 2024 01:11:40.185 [DEBUG] timeliner.TimelineLocalPlayer  total duration = 225943
Oct 02 2024 01:11:40.188 [INFO ] ion#9.WINTYPE_LOCAL_TIMELINE#1 button clicked - navigate to previous marker
Oct 02 2024 01:11:53.737 [INFO ] ion#9.WINTYPE_LOCAL_TIMELINE#1 button clicked - apply marker edits
Oct 02 2024 01:11:54.517 [INFO ] ion#9.WINTYPE_LOCAL_TIMELINE#1 button clicked - accept marker edits
Oct 02 2024 01:11:54.517 [INFO ] ion#9.WINTYPE_LOCAL_TIMELINE#1 item double click - marker (edit): 1
Oct 02 2024 01:11:56.206 [DEBUG] timeliner.TimelineLocalPlayer  setting offset to 118926
Oct 02 2024 01:11:56.206 [DEBUG] timeliner.TimelineLocalPlayer  total duration = 225943
Oct 02 2024 01:11:57.788 [DEBUG] timeliner.TimelineLocalPlayer  setting offset to 111493
Oct 02 2024 01:11:57.789 [DEBUG] timeliner.TimelineLocalPlayer  total duration = 225943
Oct 02 2024 01:12:20.392 [DEBUG] timeliner.TimelineUtilities    gif name = test3.gif
Oct 02 2024 01:12:20.393 [INFO ] ion#9.WINTYPE_LOCAL_TIMELINE#1 button clicked - accept save timeline as web page
Oct 02 2024 01:12:21.533 [INFO ] ion#9.WINTYPE_LOCAL_TIMELINE#1 button clicked - confirm overwrite file
Oct 02 2024 01:12:21.597 [INFO ] ion#9.WINTYPE_LOCAL_TIMELINE#1 menu item selected - save timeline as web page
Oct 02 2024 01:19:28.686 [INFO ] .Session#57                    Begin
Oct 02 2024 01:19:28.686 [INFO ] .Session#57                    System Properties: java 1.8.0_91, Oracle Corporation, Windows 10, x86, os version 10.0
Oct 02 2024 01:19:28.686 [INFO ] .Session#57                    Initial display resolution is x:1920.0 y:1080.0
Oct 02 2024 01:19:29.887 [INFO ] on#57.WINTYPE_LOCAL_TIMELINE#1 window resized - x:1920 y:982
Oct 02 2024 01:19:33.069 [DEBUG] timeliner.TimelineLocalPlayer  mp3 path file:///C:/Users/byorg/Dropbox/Teaching/Form%20&%20Analysis/Sonata%20form/Beethoven_op2no1.mp3
Oct 02 2024 01:19:33.256 [DEBUG] timeliner.TimelineLocalPlayer  Trouble initiating audio. Start/stop times are incorrect values.
Oct 02 2024 01:19:33.256 [DEBUG] timeliner.TimelineLocalPlayer  setting offset to 0
Oct 02 2024 01:19:33.256 [DEBUG] timeliner.TimelineLocalPlayer  total duration = 0
Oct 02 2024 01:19:33.257 [DEBUG] timeliner.TimelineLocalPlayer  localStartOffset: 0, localEndOffset: 226377
Oct 02 2024 01:19:33.257 [DEBUG] timeliner.TimelineLocalPlayer  setting offset to 0
Oct 02 2024 01:19:33.257 [DEBUG] timeliner.TimelineLocalPlayer  total duration = 0
Oct 02 2024 01:19:33.330 [INFO ] on#57.WINTYPE_LOCAL_TIMELINE#1 button clicked - accept open timeline
Oct 02 2024 01:19:33.330 [INFO ] on#57.WINTYPE_LOCAL_TIMELINE#1 button clicked - open an existing timeline
Oct 02 2024 01:19:38.841 [DEBUG] timeliner.TimelineUtilities    gif name = test2.gif
Oct 02 2024 01:19:38.841 [INFO ] on#57.WINTYPE_LOCAL_TIMELINE#1 button clicked - accept save timeline as web page
Oct 02 2024 01:19:40.128 [INFO ] on#57.WINTYPE_LOCAL_TIMELINE#1 button clicked - confirm overwrite file
Oct 02 2024 01:19:40.320 [INFO ] on#57.WINTYPE_LOCAL_TIMELINE#1 menu item selected - save timeline as web page
Oct 02 2024 01:20:08.191 [INFO ] on#57.WINTYPE_LOCAL_TIMELINE#1 window closed - timeline: ID= C:\Users\byorg\Dropbox\Teaching\Form & Analysis\Sonata form\Beethoven_op2no1.mp3
Oct 02 2024 01:20:08.191 [INFO ] on#57.WINTYPE_LOCAL_TIMELINE#1 window closed - remaining open window count - 0
Oct 02 2024 01:20:08.204 [DEBUG] common.WindowManager           Starting the shutdown process
Oct 02 2024 01:20:08.204 [DEBUG] common.WindowManager           closing 0 windows
Oct 02 2024 01:23:44.008 [INFO ] .Session#28                    Begin
Oct 02 2024 01:23:44.009 [INFO ] .Session#28                    System Properties: java 1.8.0_91, Oracle Corporation, Windows 10, x86, os version 10.0
Oct 02 2024 01:23:44.009 [INFO ] .Session#28                    Initial display resolution is x:1920.0 y:1080.0
Oct 02 2024 01:23:45.019 [INFO ] on#28.WINTYPE_LOCAL_TIMELINE#1 window resized - x:1920 y:982
Oct 02 2024 01:24:03.900 [DEBUG] timeliner.TimelineLocalPlayer  mp3 path file:///C:/Users/byorg/Documents/test%20[brackets%20in%20name].mp3
Oct 02 2024 01:24:06.998 [INFO ] on#28.WINTYPE_LOCAL_TIMELINE#1 button clicked - create a new timeline
Oct 02 2024 01:25:11.285 [INFO ] .Session#49                    Begin
Oct 02 2024 01:25:11.285 [INFO ] .Session#49                    System Properties: java 1.8.0_91, Oracle Corporation, Windows 10, x86, os version 10.0
Oct 02 2024 01:25:11.285 [INFO ] .Session#49                    Initial display resolution is x:1920.0 y:1080.0
Oct 02 2024 01:25:12.307 [INFO ] on#49.WINTYPE_LOCAL_TIMELINE#1 window resized - x:1920 y:982
Oct 02 2024 01:25:15.060 [DEBUG] timeliner.TimelineLocalPlayer  mp3 path file:///C:/Users/byorg/Documents/test%20[brackets%20in%20name].mp3
Oct 02 2024 01:25:37.405 [INFO ] on#49.WINTYPE_LOCAL_TIMELINE#1 button clicked - create a new timeline
Oct 02 2024 01:34:34.455 [INFO ] .Session#95                    Begin
Oct 02 2024 01:34:34.455 [INFO ] .Session#95                    System Properties: java 1.8.0_91, Oracle Corporation, Windows 10, x86, os version 10.0
Oct 02 2024 01:34:34.455 [INFO ] .Session#95                    Initial display resolution is x:1920.0 y:1080.0
Oct 02 2024 01:34:35.444 [INFO ] on#95.WINTYPE_LOCAL_TIMELINE#1 window resized - x:1920 y:982
Oct 02 2024 01:34:38.328 [INFO ] on#95.WINTYPE_LOCAL_TIMELINE#1 button clicked - cancel open timeline
Oct 02 2024 01:34:38.328 [INFO ] on#95.WINTYPE_LOCAL_TIMELINE#1 button clicked - open an existing timeline
Oct 02 2024 01:34:46.984 [DEBUG] timeliner.TimelineLocalPlayer  mp3 path file:///C:/Users/byorg/Documents/haydnrondo.mp3
Oct 02 2024 01:34:47.124 [DEBUG] timeliner.TimelineLocalPlayer  Trouble initiating audio. Start/stop times are incorrect values.
Oct 02 2024 01:34:47.124 [DEBUG] timeliner.TimelineLocalPlayer  setting offset to 0
Oct 02 2024 01:34:47.124 [DEBUG] timeliner.TimelineLocalPlayer  total duration = 0
Oct 02 2024 01:34:47.124 [DEBUG] timeliner.TimelineLocalPlayer  localStartOffset: 0, localEndOffset: 0
Oct 02 2024 01:34:47.124 [DEBUG] timeliner.TimelineLocalPlayer  setting offset to 0
Oct 02 2024 01:34:47.124 [DEBUG] timeliner.TimelineLocalPlayer  total duration = 0
Oct 02 2024 01:34:51.630 [DEBUG] timeliner.TimelineLocalPlayer  mp3 path file:///C:/Users/byorg/Documents/test%20[brackets%20in%20name].mp3
Oct 02 2024 01:34:51.712 [INFO ] on#95.WINTYPE_LOCAL_TIMELINE#2 window resized - x:1920 y:982
Oct 02 2024 01:34:51.717 [INFO ] on#95.WINTYPE_LOCAL_TIMELINE#2 window resized - x:1920 y:982
Oct 02 2024 01:35:15.242 [INFO ] .Session#78                    Begin
Oct 02 2024 01:35:15.242 [INFO ] .Session#78                    System Properties: java 1.8.0_91, Oracle Corporation, Windows 10, x86, os version 10.0
Oct 02 2024 01:35:15.242 [INFO ] .Session#78                    Initial display resolution is x:1920.0 y:1080.0
Oct 02 2024 01:35:16.232 [INFO ] on#78.WINTYPE_LOCAL_TIMELINE#1 window resized - x:1920 y:982
Oct 02 2024 01:35:19.819 [DEBUG] timeliner.TimelineLocalPlayer  mp3 path file:///C%3A%5CUsers%5Cbyorg%5CDocuments%5Ctest+%5Bbrackets+in+name%5D.mp3
Oct 02 2024 01:35:26.785 [INFO ] on#78.WINTYPE_LOCAL_TIMELINE#1 button clicked - create a new timeline
Oct 02 2024 01:35:35.571 [DEBUG] timeliner.TimelineLocalPlayer  mp3 path file:///C%3A%5CUsers%5Cbyorg%5CDocuments%5Chaydnrondo.mp3
Oct 02 2024 01:35:35.692 [DEBUG] timeliner.TimelineLocalPlayer  Trouble initiating audio. Start/stop times are incorrect values.
Oct 02 2024 01:35:35.692 [DEBUG] timeliner.TimelineLocalPlayer  setting offset to 0
Oct 02 2024 01:35:35.692 [DEBUG] timeliner.TimelineLocalPlayer  total duration = 0
Oct 02 2024 01:35:35.692 [DEBUG] timeliner.TimelineLocalPlayer  localStartOffset: 0, localEndOffset: 0
Oct 02 2024 01:35:35.692 [DEBUG] timeliner.TimelineLocalPlayer  setting offset to 0
Oct 02 2024 01:35:35.692 [DEBUG] timeliner.TimelineLocalPlayer  total duration = 0
Oct 02 2024 01:35:50.209 [INFO ] .Session#2                     Begin
Oct 02 2024 01:35:50.210 [INFO ] .Session#2                     System Properties: java 1.8.0_91, Oracle Corporation, Windows 10, x86, os version 10.0
Oct 02 2024 01:35:50.211 [INFO ] .Session#2                     Initial display resolution is x:1920.0 y:1080.0
Oct 02 2024 01:35:50.493 [INFO ] .Session#34                    Begin
Oct 02 2024 01:35:50.493 [INFO ] .Session#34                    System Properties: java 1.8.0_91, Oracle Corporation, Windows 10, x86, os version 10.0
Oct 02 2024 01:35:50.494 [INFO ] .Session#34                    Initial display resolution is x:1920.0 y:1080.0
Oct 02 2024 01:35:51.498 [INFO ] ion#2.WINTYPE_LOCAL_TIMELINE#1 window resized - x:1920 y:982
Oct 02 2024 01:35:51.793 [INFO ] on#34.WINTYPE_LOCAL_TIMELINE#1 window resized - x:1920 y:982
Oct 02 2024 01:35:56.885 [INFO ] on#34.WINTYPE_LOCAL_TIMELINE#1 button clicked - cancel open timeline
Oct 02 2024 01:35:56.885 [INFO ] on#34.WINTYPE_LOCAL_TIMELINE#1 button clicked - open an existing timeline
Oct 02 2024 01:36:00.685 [DEBUG] timeliner.TimelineLocalPlayer  mp3 path file:///C%3A%5CUsers%5Cbyorg%5CDocuments%5Chaydnrondo.wav
Oct 02 2024 01:36:00.819 [DEBUG] timeliner.TimelineLocalPlayer  setting offset to 0
Oct 02 2024 01:36:00.819 [DEBUG] timeliner.TimelineLocalPlayer  total duration = 153495
Oct 02 2024 01:36:00.819 [DEBUG] timeliner.TimelineLocalPlayer  localStartOffset: 0, localEndOffset: 153495
Oct 02 2024 01:36:00.819 [DEBUG] timeliner.TimelineLocalPlayer  setting offset to 0
Oct 02 2024 01:36:00.819 [DEBUG] timeliner.TimelineLocalPlayer  total duration = 153495
Oct 02 2024 01:36:14.007 [INFO ] ion#2.WINTYPE_LOCAL_TIMELINE#1 window closed - remaining open window count - 0
Oct 02 2024 01:36:14.020 [DEBUG] common.WindowManager           Starting the shutdown process
Oct 02 2024 01:36:14.020 [DEBUG] common.WindowManager           closing 0 windows
Oct 02 2024 01:36:24.269 [INFO ] .Session#61                    Begin
Oct 02 2024 01:36:24.269 [INFO ] .Session#61                    System Properties: java 1.8.0_91, Oracle Corporation, Windows 10, x86, os version 10.0
Oct 02 2024 01:36:24.269 [INFO ] .Session#61                    Initial display resolution is x:1920.0 y:1080.0
Oct 02 2024 01:36:25.238 [INFO ] on#61.WINTYPE_LOCAL_TIMELINE#1 window resized - x:1920 y:982
Oct 02 2024 01:36:31.751 [DEBUG] timeliner.TimelineLocalPlayer  mp3 path file:///C%3A%5CUsers%5Cbyorg%5CDocuments%5Ctest+%5Bbrackets+in+name%5D.mp3
Oct 02 2024 01:36:38.954 [INFO ] on#61.WINTYPE_LOCAL_TIMELINE#1 button clicked - create a new timeline
Oct 02 2024 01:38:38.122 [INFO ] .Session#97                    Begin
Oct 02 2024 01:38:38.123 [INFO ] .Session#97                    System Properties: java 1.8.0_91, Oracle Corporation, Windows 10, x86, os version 10.0
Oct 02 2024 01:38:38.123 [INFO ] .Session#97                    Initial display resolution is x:1920.0 y:1080.0
Oct 02 2024 01:38:39.053 [INFO ] on#97.WINTYPE_LOCAL_TIMELINE#1 window resized - x:1920 y:982
Oct 02 2024 01:38:42.053 [DEBUG] timeliner.TimelineLocalPlayer  mp3 path file:///C:/Users/byorg/Documents/test%20[brackets%20in%20name].mp3
Oct 02 2024 01:38:44.210 [INFO ] on#97.WINTYPE_LOCAL_TIMELINE#1 button clicked - create a new timeline
Oct 02 2024 01:39:16.412 [INFO ] .Session#25                    Begin
Oct 02 2024 01:39:16.413 [INFO ] .Session#25                    System Properties: java 1.8.0_91, Oracle Corporation, Windows 10, x86, os version 10.0
Oct 02 2024 01:39:16.413 [INFO ] .Session#25                    Initial display resolution is x:1920.0 y:1080.0
Oct 02 2024 01:39:17.419 [INFO ] on#25.WINTYPE_LOCAL_TIMELINE#1 window resized - x:1920 y:982
Oct 02 2024 01:39:20.312 [DEBUG] timeliner.TimelineLocalPlayer  mp3 path file:///C:/Users/byorg/Documents/test%20[brackets%20in%20name].mp3
Oct 02 2024 01:39:21.943 [INFO ] on#25.WINTYPE_LOCAL_TIMELINE#1 button clicked - create a new timeline
Oct 02 2024 01:39:54.513 [INFO ] .Session#1                     Begin
Oct 02 2024 01:39:54.513 [INFO ] .Session#1                     System Properties: java 1.8.0_91, Oracle Corporation, Windows 10, x86, os version 10.0
Oct 02 2024 01:39:54.513 [INFO ] .Session#1                     Initial display resolution is x:1920.0 y:1080.0
Oct 02 2024 01:39:55.500 [INFO ] ion#1.WINTYPE_LOCAL_TIMELINE#1 window resized - x:1920 y:982
Oct 02 2024 01:39:58.806 [DEBUG] timeliner.TimelineLocalPlayer  mp3 path file:///C:/Users/byorg/Documents/test%20[brackets%20in%20name].mp3
Oct 02 2024 01:40:01.179 [INFO ] ion#1.WINTYPE_LOCAL_TIMELINE#1 button clicked - create a new timeline
Oct 02 2024 01:44:44.023 [INFO ] .Session#36                    Begin
Oct 02 2024 01:44:44.024 [INFO ] .Session#36                    System Properties: java 1.8.0_91, Oracle Corporation, Windows 10, x86, os version 10.0
Oct 02 2024 01:44:44.024 [INFO ] .Session#36                    Initial display resolution is x:1920.0 y:1080.0
Oct 02 2024 01:44:45.014 [INFO ] on#36.WINTYPE_LOCAL_TIMELINE#1 window resized - x:1920 y:982
Oct 02 2024 01:44:47.979 [DEBUG] timeliner.TimelineLocalPlayer  mp3 path file:///C:/Users/byorg/Documents/test%20[brackets%20in%20name].mp3
Oct 02 2024 01:44:49.948 [INFO ] on#36.WINTYPE_LOCAL_TIMELINE#1 button clicked - create a new timeline
Oct 02 2024 01:50:21.950 [INFO ] .Session#64                    Begin
Oct 02 2024 01:50:21.951 [INFO ] .Session#64                    System Properties: java 1.8.0_91, Oracle Corporation, Windows 10, x86, os version 10.0
Oct 02 2024 01:50:21.951 [INFO ] .Session#64                    Initial display resolution is x:1920.0 y:1080.0
Oct 02 2024 01:50:22.843 [INFO ] on#64.WINTYPE_LOCAL_TIMELINE#1 window resized - x:1920 y:982
Oct 02 2024 01:50:26.100 [DEBUG] timeliner.TimelineLocalPlayer  mp3 path file:///C:/Users/byorg/Documents/test%20[brackets%20in%20name].mp3
Oct 02 2024 01:50:27.724 [INFO ] on#64.WINTYPE_LOCAL_TIMELINE#1 button clicked - create a new timeline
Oct 02 2024 01:53:42.640 [INFO ] .Session#96                    Begin
Oct 02 2024 01:53:42.641 [INFO ] .Session#96                    System Properties: java 1.8.0_91, Oracle Corporation, Windows 10, x86, os version 10.0
Oct 02 2024 01:53:42.641 [INFO ] .Session#96                    Initial display resolution is x:1920.0 y:1080.0
Oct 02 2024 01:53:43.788 [INFO ] on#96.WINTYPE_LOCAL_TIMELINE#1 window resized - x:1920 y:982
Oct 02 2024 01:53:46.657 [DEBUG] timeliner.TimelineLocalPlayer  mp3 path file:///C:/Users/byorg/Documents/test%20[brackets%20in%20name].mp3
Oct 02 2024 01:53:48.587 [INFO ] on#96.WINTYPE_LOCAL_TIMELINE#1 button clicked - create a new timeline
Oct 02 2024 01:54:26.213 [INFO ] .Session#49                    Begin
Oct 02 2024 01:54:26.214 [INFO ] .Session#49                    System Properties: java 1.8.0_91, Oracle Corporation, Windows 10, x86, os version 10.0
Oct 02 2024 01:54:26.214 [INFO ] .Session#49                    Initial display resolution is x:1920.0 y:1080.0
Oct 02 2024 01:54:27.363 [INFO ] on#49.WINTYPE_LOCAL_TIMELINE#1 window resized - x:1920 y:982
Oct 02 2024 01:54:29.808 [DEBUG] timeliner.TimelineLocalPlayer  mp3 path file:///C:/Users/byorg/Documents/test%20[brackets%20in%20name].mp3
Oct 02 2024 01:54:31.594 [INFO ] on#49.WINTYPE_LOCAL_TIMELINE#1 button clicked - create a new timeline
Oct 02 2024 01:55:11.496 [INFO ] .Session#68                    Begin
Oct 02 2024 01:55:11.496 [INFO ] .Session#68                    System Properties: java 1.8.0_91, Oracle Corporation, Windows 10, x86, os version 10.0
Oct 02 2024 01:55:11.496 [INFO ] .Session#68                    Initial display resolution is x:1920.0 y:1080.0
Oct 02 2024 01:55:12.406 [INFO ] on#68.WINTYPE_LOCAL_TIMELINE#1 window resized - x:1920 y:982
Oct 02 2024 01:55:15.482 [DEBUG] timeliner.TimelineLocalPlayer  mp3 path file:///C:/Users/byorg/Documents/test%20[brackets%20in%20name].mp3
Oct 02 2024 01:55:17.258 [INFO ] on#68.WINTYPE_LOCAL_TIMELINE#1 button clicked - create a new timeline
Oct 02 2024 01:56:25.194 [INFO ] .Session#41                    Begin
Oct 02 2024 01:56:25.194 [INFO ] .Session#41                    System Properties: java 1.8.0_91, Oracle Corporation, Windows 10, x86, os version 10.0
Oct 02 2024 01:56:25.195 [INFO ] .Session#41                    Initial display resolution is x:1920.0 y:1080.0
Oct 02 2024 01:56:26.197 [INFO ] on#41.WINTYPE_LOCAL_TIMELINE#1 window resized - x:1920 y:982
Oct 02 2024 01:56:30.135 [DEBUG] timeliner.TimelineLocalPlayer  mp3 path file:///C:/Users/byorg/Documents/test%20[brackets%20in%20name].mp3
Oct 02 2024 01:56:32.929 [INFO ] on#41.WINTYPE_LOCAL_TIMELINE#1 button clicked - create a new timeline
Oct 02 2024 01:57:30.001 [DEBUG] timeliner.TimelineLocalPlayer  mp3 path file:///C:/Users/byorg/Documents/haydnrondo.wav
Oct 02 2024 01:57:30.132 [DEBUG] timeliner.TimelineLocalPlayer  setting offset to 0
Oct 02 2024 01:57:30.132 [DEBUG] timeliner.TimelineLocalPlayer  total duration = 153495
Oct 02 2024 01:57:30.132 [DEBUG] timeliner.TimelineLocalPlayer  localStartOffset: 0, localEndOffset: 153495
Oct 02 2024 01:57:30.132 [DEBUG] timeliner.TimelineLocalPlayer  setting offset to 0
Oct 02 2024 01:57:30.133 [DEBUG] timeliner.TimelineLocalPlayer  total duration = 153495
Oct 02 2024 01:57:34.978 [DEBUG] timeliner.TimelineLocalPlayer  mp3 path file:///C:/Users/byorg/Documents/test%20[brackets%20in%20name].mp3
Oct 02 2024 01:57:35.096 [INFO ] on#41.WINTYPE_LOCAL_TIMELINE#2 window resized - x:1920 y:982
Oct 02 2024 01:57:35.100 [INFO ] on#41.WINTYPE_LOCAL_TIMELINE#2 window resized - x:1920 y:982
Oct 02 2024 01:58:45.855 [INFO ] .Session#71                    Begin
Oct 02 2024 01:58:45.855 [INFO ] .Session#71                    System Properties: java 1.8.0_91, Oracle Corporation, Windows 10, x86, os version 10.0
Oct 02 2024 01:58:45.855 [INFO ] .Session#71                    Initial display resolution is x:1920.0 y:1080.0
Oct 02 2024 01:58:46.994 [INFO ] on#71.WINTYPE_LOCAL_TIMELINE#1 window resized - x:1920 y:982
Oct 02 2024 01:58:49.880 [DEBUG] timeliner.TimelineLocalPlayer  mp3 path file:///C:/Users/byorg/Documents/test%20[brackets%20in%20name].mp3
Oct 02 2024 02:00:20.133 [INFO ] .Session#64                    Begin
Oct 02 2024 02:00:20.133 [INFO ] .Session#64                    System Properties: java 1.8.0_91, Oracle Corporation, Windows 10, x86, os version 10.0
Oct 02 2024 02:00:20.134 [INFO ] .Session#64                    Initial display resolution is x:1920.0 y:1080.0
Oct 02 2024 02:00:21.051 [INFO ] on#64.WINTYPE_LOCAL_TIMELINE#1 window resized - x:1920 y:982
Oct 02 2024 02:00:23.996 [DEBUG] timeliner.TimelineLocalPlayer  mp3 path file:///C:/Users/byorg/Documents/test%20[brackets%20in%20name].mp3
Oct 02 2024 02:00:45.393 [INFO ] .Session#33                    Begin
Oct 02 2024 02:00:45.394 [INFO ] .Session#33                    System Properties: java 1.8.0_91, Oracle Corporation, Windows 10, x86, os version 10.0
Oct 02 2024 02:00:45.394 [INFO ] .Session#33                    Initial display resolution is x:1920.0 y:1080.0
Oct 02 2024 02:00:46.455 [INFO ] on#33.WINTYPE_LOCAL_TIMELINE#1 window resized - x:1920 y:982
Oct 02 2024 02:00:49.058 [DEBUG] timeliner.TimelineLocalPlayer  mp3 path file:///C:/Users/byorg/Documents/test%20[brackets%20in%20name].mp3
Oct 02 2024 02:01:04.048 [INFO ] on#33.WINTYPE_LOCAL_TIMELINE#1 button clicked - create a new timeline
Oct 02 2024 02:01:46.402 [INFO ] .Session#76                    Begin
Oct 02 2024 02:01:46.403 [INFO ] .Session#76                    System Properties: java 1.8.0_91, Oracle Corporation, Windows 10, x86, os version 10.0
Oct 02 2024 02:01:46.403 [INFO ] .Session#76                    Initial display resolution is x:1920.0 y:1080.0
Oct 02 2024 02:01:47.440 [INFO ] on#76.WINTYPE_LOCAL_TIMELINE#1 window resized - x:1920 y:982
Oct 02 2024 02:01:49.950 [DEBUG] timeliner.TimelineLocalPlayer  mp3 path file:///C:/Users/byorg/Documents/test%20[brackets%20in%20name].mp3
Oct 02 2024 02:01:53.233 [INFO ] on#76.WINTYPE_LOCAL_TIMELINE#1 button clicked - create a new timeline
Oct 02 2024 02:02:37.706 [INFO ] on#33.WINTYPE_LOCAL_TIMELINE#1 button clicked - continue without audio
Oct 02 2024 02:02:37.707 [DEBUG] timeliner.TimelineLocalPlayer  mp3 path file:///C:/Users/byorg/AppData/Local/Temp/null7559696144339079108.mp3
Oct 02 2024 02:02:37.846 [DEBUG] timeliner.TimelineLocalPlayer  Trouble initiating audio. Start/stop times are incorrect values.
Oct 02 2024 02:02:37.846 [DEBUG] timeliner.TimelineLocalPlayer  setting offset to 0
Oct 02 2024 02:02:37.846 [DEBUG] timeliner.TimelineLocalPlayer  total duration = 0
Oct 02 2024 02:02:37.846 [DEBUG] timeliner.TimelineLocalPlayer  localStartOffset: 0, localEndOffset: 314201
Oct 02 2024 02:02:37.846 [DEBUG] timeliner.TimelineLocalPlayer  setting offset to 0
Oct 02 2024 02:02:37.848 [DEBUG] timeliner.TimelineLocalPlayer  total duration = 0
Oct 02 2024 02:02:37.916 [INFO ] on#33.WINTYPE_LOCAL_TIMELINE#1 button clicked - accept open timeline
Oct 02 2024 02:02:40.243 [INFO ] on#33.WINTYPE_LOCAL_TIMELINE#1 button clicked - play
Oct 02 2024 02:02:44.581 [INFO ] on#33.WINTYPE_LOCAL_TIMELINE#1 window closed - timeline: ID= C:\Users\byorg\AppData\Local\Temp\null7559696144339079108.mp3
Oct 02 2024 02:02:44.591 [INFO ] on#33.WINTYPE_LOCAL_TIMELINE#1 window closed - remaining open window count - 0
Oct 02 2024 02:02:44.608 [DEBUG] common.WindowManager           Starting the shutdown process
Oct 02 2024 02:02:44.609 [DEBUG] common.WindowManager           closing 0 windows
Oct 02 2024 02:03:00.880 [INFO ] .Session#66                    Begin
Oct 02 2024 02:03:00.881 [INFO ] .Session#66                    System Properties: java 1.8.0_91, Oracle Corporation, Windows 10, x86, os version 10.0
Oct 02 2024 02:03:00.881 [INFO ] .Session#66                    Initial display resolution is x:1920.0 y:1080.0
Oct 02 2024 02:03:01.853 [INFO ] on#66.WINTYPE_LOCAL_TIMELINE#1 window resized - x:1920 y:982
Oct 02 2024 02:03:06.055 [DEBUG] timeliner.TimelineLocalPlayer  mp3 path file:///C:/Users/byorg/Dropbox/Teaching/Form%20&%20Analysis/Sonata%20form/Beethoven_op2no1.mp3
Oct 02 2024 02:03:06.210 [DEBUG] timeliner.TimelineLocalPlayer  Trouble initiating audio. Start/stop times are incorrect values.
Oct 02 2024 02:03:06.211 [DEBUG] timeliner.TimelineLocalPlayer  setting offset to 0
Oct 02 2024 02:03:06.211 [DEBUG] timeliner.TimelineLocalPlayer  total duration = 0
Oct 02 2024 02:03:06.211 [DEBUG] timeliner.TimelineLocalPlayer  localStartOffset: 0, localEndOffset: 226377
Oct 02 2024 02:03:06.211 [DEBUG] timeliner.TimelineLocalPlayer  setting offset to 0
Oct 02 2024 02:03:06.211 [DEBUG] timeliner.TimelineLocalPlayer  total duration = 0
Oct 02 2024 02:03:06.273 [INFO ] on#66.WINTYPE_LOCAL_TIMELINE#1 button clicked - accept open timeline
Oct 02 2024 02:03:06.273 [INFO ] on#66.WINTYPE_LOCAL_TIMELINE#1 button clicked - open an existing timeline
Oct 02 2024 02:06:10.434 [INFO ] on#66.WINTYPE_LOCAL_TIMELINE#1 window closed - timeline: ID= C:\Users\byorg\Dropbox\Teaching\Form & Analysis\Sonata form\Beethoven_op2no1.mp3
Oct 02 2024 02:06:10.435 [INFO ] on#66.WINTYPE_LOCAL_TIMELINE#1 window closed - remaining open window count - 0
Oct 02 2024 02:06:10.446 [DEBUG] common.WindowManager           Starting the shutdown process
Oct 02 2024 02:06:10.447 [DEBUG] common.WindowManager           closing 0 windows
Oct 02 2024 03:02:54.233 [INFO ] .Session#96                    Begin
Oct 02 2024 03:02:54.234 [INFO ] .Session#96                    System Properties: java 1.8.0_91, Oracle Corporation, Windows 10, x86, os version 10.0
Oct 02 2024 03:02:54.234 [INFO ] .Session#96                    Initial display resolution is x:1920.0 y:1080.0
Oct 02 2024 03:02:55.236 [INFO ] on#96.WINTYPE_LOCAL_TIMELINE#1 window resized - x:1920 y:982
Oct 02 2024 03:02:58.387 [INFO ] on#96.WINTYPE_LOCAL_TIMELINE#1 button clicked - cancel open timeline
Oct 02 2024 03:02:58.387 [INFO ] on#96.WINTYPE_LOCAL_TIMELINE#1 button clicked - open an existing timeline
Oct 02 2024 03:02:59.677 [INFO ] on#96.WINTYPE_LOCAL_TIMELINE#1 window closed - remaining open window count - 0
Oct 02 2024 03:02:59.691 [DEBUG] common.WindowManager           Starting the shutdown process
Oct 02 2024 03:02:59.691 [DEBUG] common.WindowManager           closing 0 windows
Oct 02 2024 04:01:28.877 [INFO ] .Session#45                    Begin
Oct 02 2024 04:01:28.879 [INFO ] .Session#45                    System Properties: java 1.8.0_91, Oracle Corporation, Windows 10, x86, os version 10.0
Oct 02 2024 04:01:28.879 [INFO ] .Session#45                    Initial display resolution is x:1920.0 y:1080.0
Oct 02 2024 04:01:30.727 [INFO ] on#45.WINTYPE_LOCAL_TIMELINE#1 window resized - x:1920 y:982
Oct 02 2024 04:01:34.336 [DEBUG] timeliner.TimelineLocalPlayer  mp3 path file:///C:/Users/byorg/Dropbox/Teaching/Form%20&%20Analysis/Sonata%20form/Beethoven_op2no1.mp3
Oct 02 2024 04:01:34.581 [DEBUG] timeliner.TimelineLocalPlayer  Trouble initiating audio. Start/stop times are incorrect values.
Oct 02 2024 04:01:34.582 [DEBUG] timeliner.TimelineLocalPlayer  setting offset to 0
Oct 02 2024 04:01:34.582 [DEBUG] timeliner.TimelineLocalPlayer  total duration = 225943
Oct 02 2024 04:01:34.582 [DEBUG] timeliner.TimelineLocalPlayer  localStartOffset: 0, localEndOffset: 225943
Oct 02 2024 04:01:34.584 [DEBUG] timeliner.TimelineLocalPlayer  setting offset to 0
Oct 02 2024 04:01:34.584 [DEBUG] timeliner.TimelineLocalPlayer  total duration = 225943
Oct 02 2024 04:01:34.713 [INFO ] on#45.WINTYPE_LOCAL_TIMELINE#1 button clicked - accept open timeline
Oct 02 2024 04:01:34.713 [INFO ] on#45.WINTYPE_LOCAL_TIMELINE#1 button clicked - open an existing timeline
Oct 02 2024 04:01:36.132 [INFO ] on#45.WINTYPE_LOCAL_TIMELINE#1 window closed - timeline: ID= C:\Users\byorg\Dropbox\Teaching\Form & Analysis\Sonata form\Beethoven_op2no1.mp3
Oct 02 2024 04:01:36.132 [INFO ] on#45.WINTYPE_LOCAL_TIMELINE#1 window closed - remaining open window count - 0
Oct 02 2024 04:01:36.150 [DEBUG] common.WindowManager           Starting the shutdown process
Oct 02 2024 04:01:36.150 [DEBUG] common.WindowManager           closing 0 windows
