

Version:	3.50
CmdLine:	C:\Users\byorg\Documents\GitHub\AudioTimeliner\Audio Timeliner.exe --l4j-debug
JNI:		No
WOW64:		Yes
Working dir:	C:\Users\byorg\Documents\GitHub\AudioTimeliner\.
Requires JDK:	No
Requires 64-Bit: No
Java min ver:	
Java max ver:	
JRE paths:	JRE
Check launcher:	C:\Users\byorg\Documents\GitHub\AudioTimeliner\JRE\bin\javaw.exe (OK)
Version string: 1.008.000_091 / 32-Bit (OK)
Launcher:	C:\Users\byorg\Documents\GitHub\AudioTimeliner\JRE\bin\javaw.exe
Launcher args:	-jar "C:\Users\byorg\Documents\GitHub\AudioTimeliner\Audio Timeliner.exe"
Args length:	73/32768 chars
Exit code:	0


Version:	3.50
CmdLine:	C:\Users\byorg\Documents\GitHub\AudioTimeliner\Audio Timeliner.exe --l4j-debug
JNI:		No
WOW64:		Yes
Working dir:	C:\Users\byorg\Documents\GitHub\AudioTimeliner\.
Requires JDK:	No
Requires 64-Bit: No
Java min ver:	
Java max ver:	
JRE paths:	JRE
Check launcher:	C:\Users\byorg\Documents\GitHub\AudioTimeliner\JRE\bin\javaw.exe (OK)
Version string: 1.008.000_091 / 32-Bit (OK)
Launcher:	C:\Users\byorg\Documents\GitHub\AudioTimeliner\JRE\bin\javaw.exe
Launcher args:	-jar "C:\Users\byorg\Documents\GitHub\AudioTimeliner\Audio Timeliner.exe"
Args length:	73/32768 chars
Exit code:	0
